Using pre-set license
Built from '2020.3/china_unity/release' branch; Version is '2020.3.1f1c1 (3e9f4b065a9d) revision 4104011'; Using compiler version '192528614'; Build Type 'Release'
OS: 'Windows 10 Pro; OS build 19041.208; Version 2004; 64bit' Language: 'zh' Physical Memory: 16298 MB
BatchMode: 1, IsHumanControllingUs: 0, StartBugReporterOnCrash: 0, Is64bit: 1, IsPro: 0

 COMMAND LINE ARGUMENTS:
D:\Unity\2020.3.1f1c1\Editor\Unity.exe
-adb2
-batchMode
-noUpm
-name
AssetImportWorker0
-projectPath
D:/UnityProjects/ExampleProject
-logFile
Logs/AssetImportWorker0.log
-srvPort
53732
Successfully changed project path to: D:/UnityProjects/ExampleProject
D:/UnityProjects/ExampleProject
Using Asset Import Pipeline V2.
Refreshing native plugins compatible for Editor in 31.37 ms, found 1 plugins.
Preloading 0 native plugins for Editor in 0.00 ms.
Initialize engine version: 2020.3.1f1c1 (3e9f4b065a9d)
[Subsystems] Discovering subsystems at path D:/Unity/2020.3.1f1c1/Editor/Data/Resources/UnitySubsystems
[Subsystems] Discovering subsystems at path D:/UnityProjects/ExampleProject/Assets
GfxDevice: creating device client; threaded=0
Direct3D:
    Version:  Direct3D 11.0 [level 11.1]
    Renderer: NVIDIA GeForce RTX 2060 SUPER (ID=0x1f06)
    Vendor:   
    VRAM:     8031 MB
    Driver:   27.21.14.6109
Initialize mono
Mono path[0] = 'D:/Unity/2020.3.1f1c1/Editor/Data/Managed'
Mono path[1] = 'D:/Unity/2020.3.1f1c1/Editor/Data/MonoBleedingEdge/lib/mono/unityjit'
Mono config path = 'D:/Unity/2020.3.1f1c1/Editor/Data/MonoBleedingEdge/etc'
Using monoOptions --debugger-agent=transport=dt_socket,embedding=1,server=y,suspend=n,address=127.0.0.1:56072
Begin MonoManager ReloadAssembly
Registering precompiled unity dll's ...
Register platform support module: D:/Unity/2020.3.1f1c1/Editor/Data/PlaybackEngines/WindowsStandaloneSupport/UnityEditor.WindowsStandalone.Extensions.dll
Registered in 0.001938 seconds.
Native extension for WindowsStandalone target not found
Refreshing native plugins compatible for Editor in 32.11 ms, found 1 plugins.
Preloading 0 native plugins for Editor in 0.00 ms.
Invoked RoslynAnalysisRunner static constructor.
RoslynAnalysisRunner will not be running.
RoslynAnalysisRunner has terminated.
Mono: successfully reloaded assembly
- Completed reload, in  0.666 seconds
Platform modules already initialized, skipping
Registering precompiled user dll's ...
Registered in 0.000838 seconds.
Begin MonoManager ReloadAssembly
Native extension for WindowsStandalone target not found
Refreshing native plugins compatible for Editor in 33.62 ms, found 1 plugins.
Preloading 0 native plugins for Editor in 0.00 ms.
Invoked RoslynAnalysisRunner static constructor.
RoslynAnalysisRunner will not be running.
RoslynAnalysisRunner has terminated.
Mono: successfully reloaded assembly
- Completed reload, in  0.828 seconds
Platform modules already initialized, skipping
========================================================================
Worker process is ready to serve import requests
Launched and connected shader compiler UnityShaderCompiler.exe after 0.03 seconds
Refreshing native plugins compatible for Editor in 0.58 ms, found 1 plugins.
Preloading 0 native plugins for Editor in 0.00 ms.
Unloading 2064 Unused Serialized files (Serialized files now loaded: 0)
System memory in use before: 91.9 MB.
System memory in use after: 92.0 MB.

Unloading 19 unused Assets to reduce memory usage. Loaded Objects now: 2511.
Total: 1.939600 ms (FindLiveObjects: 0.283300 ms CreateObjectMapping: 0.122800 ms MarkObjects: 1.476400 ms  DeleteObjects: 0.056100 ms)

========================================================================
Received Import Request.
  path: Assets/Scripts/Examples/Player/PlayerInputModule.cs
  artifactKey: Guid(1349e2f683e6c314f95e6cafbb6f2692) Importer(815301076,1909f56bfc062723c751e8b465ee728b)
Start importing Assets/Scripts/Examples/Player/PlayerInputModule.cs using Guid(1349e2f683e6c314f95e6cafbb6f2692) Importer(815301076,1909f56bfc062723c751e8b465ee728b)  -> (artifact id: '9be30593bced006ce10e43fa44fd62d7') in 0.020320 seconds
  Import took 0.024737 seconds .

========================================================================
Received Import Request.
  Time since last request: 0.000361 seconds.
  path: Assets/Scripts/Examples/Player/PlayerSystem.cs
  artifactKey: Guid(5d4a69f67e4c8234fb2ae742b41d9275) Importer(815301076,1909f56bfc062723c751e8b465ee728b)
Start importing Assets/Scripts/Examples/Player/PlayerSystem.cs using Guid(5d4a69f67e4c8234fb2ae742b41d9275) Importer(815301076,1909f56bfc062723c751e8b465ee728b)  -> (artifact id: '4a450b8f0690fc0a513f52dbf34b82c7') in 0.001538 seconds
  Import took 0.003914 seconds .

========================================================================
Received Import Request.
  Time since last request: 13.350143 seconds.
  path: Assets/Scripts/Examples/Player/PlayerInputModule.cs
  artifactKey: Guid(1349e2f683e6c314f95e6cafbb6f2692) Importer(815301076,1909f56bfc062723c751e8b465ee728b)
Start importing Assets/Scripts/Examples/Player/PlayerInputModule.cs using Guid(1349e2f683e6c314f95e6cafbb6f2692) Importer(815301076,1909f56bfc062723c751e8b465ee728b)  -> (artifact id: '31f5fab18cd3329c71b9acdf2f751f0c') in 0.002315 seconds
  Import took 0.006835 seconds .

========================================================================
Received Import Request.
  Time since last request: 0.003210 seconds.
  path: Assets/Scripts/Examples/Player/PlayerInputModule.cs
  artifactKey: Guid(1349e2f683e6c314f95e6cafbb6f2692) Importer(815301076,1909f56bfc062723c751e8b465ee728b)
Start importing Assets/Scripts/Examples/Player/PlayerInputModule.cs using Guid(1349e2f683e6c314f95e6cafbb6f2692) Importer(815301076,1909f56bfc062723c751e8b465ee728b)  -> (artifact id: '31f5fab18cd3329c71b9acdf2f751f0c') in 0.001651 seconds
  Import took 0.005041 seconds .

========================================================================
Received Prepare
Registering precompiled user dll's ...
Registered in 0.001026 seconds.
Begin MonoManager ReloadAssembly
Native extension for WindowsStandalone target not found
Refreshing native plugins compatible for Editor in 0.37 ms, found 1 plugins.
Preloading 0 native plugins for Editor in 0.00 ms.
Invoked RoslynAnalysisRunner static constructor.
RoslynAnalysisRunner will not be running.
RoslynAnalysisRunner has terminated.
Mono: successfully reloaded assembly
- Completed reload, in  0.692 seconds
Platform modules already initialized, skipping
Refreshing native plugins compatible for Editor in 0.35 ms, found 1 plugins.
Preloading 0 native plugins for Editor in 0.00 ms.
Unloading 2054 Unused Serialized files (Serialized files now loaded: 0)
System memory in use before: 91.5 MB.
System memory in use after: 91.6 MB.

Unloading 7 unused Assets to reduce memory usage. Loaded Objects now: 2515.
Total: 1.819400 ms (FindLiveObjects: 0.239900 ms CreateObjectMapping: 0.092700 ms MarkObjects: 1.475000 ms  DeleteObjects: 0.011300 ms)

========================================================================
Received Prepare
Registering precompiled user dll's ...
Registered in 0.000737 seconds.
Begin MonoManager ReloadAssembly
Native extension for WindowsStandalone target not found
Refreshing native plugins compatible for Editor in 0.36 ms, found 1 plugins.
Preloading 0 native plugins for Editor in 0.00 ms.
Invoked RoslynAnalysisRunner static constructor.
RoslynAnalysisRunner will not be running.
RoslynAnalysisRunner has terminated.
Mono: successfully reloaded assembly
- Completed reload, in  0.679 seconds
Platform modules already initialized, skipping
Refreshing native plugins compatible for Editor in 0.36 ms, found 1 plugins.
Preloading 0 native plugins for Editor in 0.00 ms.
Unloading 2054 Unused Serialized files (Serialized files now loaded: 0)
System memory in use before: 91.6 MB.
System memory in use after: 91.7 MB.

Unloading 7 unused Assets to reduce memory usage. Loaded Objects now: 2519.
Total: 1.561900 ms (FindLiveObjects: 0.192000 ms CreateObjectMapping: 0.069500 ms MarkObjects: 1.287600 ms  DeleteObjects: 0.011900 ms)

========================================================================
Received Prepare
Registering precompiled user dll's ...
Registered in 0.000754 seconds.
Begin MonoManager ReloadAssembly
Native extension for WindowsStandalone target not found
Refreshing native plugins compatible for Editor in 0.37 ms, found 1 plugins.
Preloading 0 native plugins for Editor in 0.00 ms.
Invoked RoslynAnalysisRunner static constructor.
RoslynAnalysisRunner will not be running.
RoslynAnalysisRunner has terminated.
Mono: successfully reloaded assembly
- Completed reload, in  0.692 seconds
Platform modules already initialized, skipping
Refreshing native plugins compatible for Editor in 0.33 ms, found 1 plugins.
Preloading 0 native plugins for Editor in 0.00 ms.
Unloading 2054 Unused Serialized files (Serialized files now loaded: 0)
System memory in use before: 91.6 MB.
System memory in use after: 91.7 MB.

Unloading 7 unused Assets to reduce memory usage. Loaded Objects now: 2523.
Total: 1.843600 ms (FindLiveObjects: 0.220600 ms CreateObjectMapping: 0.081500 ms MarkObjects: 1.529200 ms  DeleteObjects: 0.011700 ms)

========================================================================
Received Prepare
Registering precompiled user dll's ...
Registered in 0.000862 seconds.
Begin MonoManager ReloadAssembly
Native extension for WindowsStandalone target not found
Refreshing native plugins compatible for Editor in 0.36 ms, found 1 plugins.
Preloading 0 native plugins for Editor in 0.00 ms.
Invoked RoslynAnalysisRunner static constructor.
RoslynAnalysisRunner will not be running.
RoslynAnalysisRunner has terminated.
Mono: successfully reloaded assembly
- Completed reload, in  0.685 seconds
Platform modules already initialized, skipping
Refreshing native plugins compatible for Editor in 0.35 ms, found 1 plugins.
Preloading 0 native plugins for Editor in 0.00 ms.
Unloading 2054 Unused Serialized files (Serialized files now loaded: 0)
System memory in use before: 91.6 MB.
System memory in use after: 91.7 MB.

Unloading 7 unused Assets to reduce memory usage. Loaded Objects now: 2527.
Total: 1.831300 ms (FindLiveObjects: 0.215400 ms CreateObjectMapping: 0.082300 ms MarkObjects: 1.519900 ms  DeleteObjects: 0.012800 ms)

========================================================================
Received Import Request.
  Time since last request: 415.284308 seconds.
  path: Assets/Scripts/Examples/Player/PlayerInputModule.cs
  artifactKey: Guid(1349e2f683e6c314f95e6cafbb6f2692) Importer(815301076,1909f56bfc062723c751e8b465ee728b)
Start importing Assets/Scripts/Examples/Player/PlayerInputModule.cs using Guid(1349e2f683e6c314f95e6cafbb6f2692) Importer(815301076,1909f56bfc062723c751e8b465ee728b)  -> (artifact id: '23bc8a164e9cf39b6dbe6f8b24117799') in 0.003986 seconds
  Import took 0.006808 seconds .

========================================================================
Received Prepare
Registering precompiled user dll's ...
Registered in 0.000834 seconds.
Begin MonoManager ReloadAssembly
Native extension for WindowsStandalone target not found
Refreshing native plugins compatible for Editor in 0.36 ms, found 1 plugins.
Preloading 0 native plugins for Editor in 0.00 ms.
Invoked RoslynAnalysisRunner static constructor.
RoslynAnalysisRunner will not be running.
RoslynAnalysisRunner has terminated.
Mono: successfully reloaded assembly
- Completed reload, in  0.686 seconds
Platform modules already initialized, skipping
Refreshing native plugins compatible for Editor in 0.33 ms, found 1 plugins.
Preloading 0 native plugins for Editor in 0.00 ms.
Unloading 2054 Unused Serialized files (Serialized files now loaded: 0)
System memory in use before: 91.6 MB.
System memory in use after: 91.7 MB.

Unloading 7 unused Assets to reduce memory usage. Loaded Objects now: 2531.
Total: 2.731400 ms (FindLiveObjects: 0.769100 ms CreateObjectMapping: 0.230400 ms MarkObjects: 1.717300 ms  DeleteObjects: 0.013500 ms)

========================================================================
Received Import Request.
  Time since last request: 161.936918 seconds.
  path: Assets/Scripts/Examples/Player/PlayerDataTransformTable.cs
  artifactKey: Guid(577a9967871008a4c985fad742f8a50a) Importer(815301076,1909f56bfc062723c751e8b465ee728b)
Start importing Assets/Scripts/Examples/Player/PlayerDataTransformTable.cs using Guid(577a9967871008a4c985fad742f8a50a) Importer(815301076,1909f56bfc062723c751e8b465ee728b)  -> (artifact id: '4fcead76ef4542fe37a794bbb8ef1a4d') in 0.003908 seconds
  Import took 0.006368 seconds .

========================================================================
Received Import Request.
  Time since last request: 25.167757 seconds.
  path: Assets/Art/Warped Caves/Artwork/Sprites/player/player-shoot-up/player-shoot-up.png
  artifactKey: Guid(b6c2d3a1d0b194296ac57df14d20e8ad) Importer(815301076,1909f56bfc062723c751e8b465ee728b)
Start importing Assets/Art/Warped Caves/Artwork/Sprites/player/player-shoot-up/player-shoot-up.png using Guid(b6c2d3a1d0b194296ac57df14d20e8ad) Importer(815301076,1909f56bfc062723c751e8b465ee728b)  -> (artifact id: '00c61ab4a92ca4bbd3980593e625b507') in 0.059387 seconds
  Import took 0.062305 seconds .

========================================================================
Received Import Request.
  Time since last request: 50.734491 seconds.
  path: Assets/Art/Warped Caves/Artwork/Sprites/player/player-shoot-up/player-shoot-up.png
  artifactKey: Guid(b6c2d3a1d0b194296ac57df14d20e8ad) Importer(815301076,1909f56bfc062723c751e8b465ee728b)
Start importing Assets/Art/Warped Caves/Artwork/Sprites/player/player-shoot-up/player-shoot-up.png using Guid(b6c2d3a1d0b194296ac57df14d20e8ad) Importer(815301076,1909f56bfc062723c751e8b465ee728b)  -> (artifact id: '6fde4d2d764c70a76b3cf67bcac9c914') in 0.009123 seconds
  Import took 0.012053 seconds .

========================================================================
Received Import Request.
  Time since last request: 0.003814 seconds.
  path: Assets/Art/Warped Caves/Artwork/Sprites/player/player-shoot-up/player-shoot-up.png
  artifactKey: Guid(b6c2d3a1d0b194296ac57df14d20e8ad) Importer(815301076,1909f56bfc062723c751e8b465ee728b)
Start importing Assets/Art/Warped Caves/Artwork/Sprites/player/player-shoot-up/player-shoot-up.png using Guid(b6c2d3a1d0b194296ac57df14d20e8ad) Importer(815301076,1909f56bfc062723c751e8b465ee728b)  -> (artifact id: '6fde4d2d764c70a76b3cf67bcac9c914') in 0.006833 seconds
  Import took 0.009868 seconds .

========================================================================
Received Prepare
Registering precompiled user dll's ...
Registered in 0.000834 seconds.
Begin MonoManager ReloadAssembly
Native extension for WindowsStandalone target not found
Refreshing native plugins compatible for Editor in 0.38 ms, found 1 plugins.
Preloading 0 native plugins for Editor in 0.00 ms.
Invoked RoslynAnalysisRunner static constructor.
RoslynAnalysisRunner will not be running.
RoslynAnalysisRunner has terminated.
Mono: successfully reloaded assembly
- Completed reload, in  0.675 seconds
Platform modules already initialized, skipping
Refreshing native plugins compatible for Editor in 0.33 ms, found 1 plugins.
Preloading 0 native plugins for Editor in 0.00 ms.
Unloading 2054 Unused Serialized files (Serialized files now loaded: 0)
System memory in use before: 94.6 MB.
System memory in use after: 94.7 MB.

Unloading 7 unused Assets to reduce memory usage. Loaded Objects now: 2541.
Total: 1.823500 ms (FindLiveObjects: 0.194300 ms CreateObjectMapping: 0.075800 ms MarkObjects: 1.540500 ms  DeleteObjects: 0.012200 ms)

========================================================================
Received Prepare
Registering precompiled user dll's ...
Registered in 0.000791 seconds.
Begin MonoManager ReloadAssembly
Native extension for WindowsStandalone target not found
Refreshing native plugins compatible for Editor in 0.37 ms, found 1 plugins.
Preloading 0 native plugins for Editor in 0.00 ms.
Invoked RoslynAnalysisRunner static constructor.
RoslynAnalysisRunner will not be running.
RoslynAnalysisRunner has terminated.
Mono: successfully reloaded assembly
- Completed reload, in  0.681 seconds
Platform modules already initialized, skipping
Refreshing native plugins compatible for Editor in 0.36 ms, found 1 plugins.
Preloading 0 native plugins for Editor in 0.00 ms.
Unloading 2054 Unused Serialized files (Serialized files now loaded: 0)
System memory in use before: 94.6 MB.
System memory in use after: 94.7 MB.

Unloading 7 unused Assets to reduce memory usage. Loaded Objects now: 2545.
Total: 1.991100 ms (FindLiveObjects: 0.272700 ms CreateObjectMapping: 0.117100 ms MarkObjects: 1.587800 ms  DeleteObjects: 0.012900 ms)

========================================================================
Received Prepare
Registering precompiled user dll's ...
Registered in 0.000897 seconds.
Begin MonoManager ReloadAssembly
Native extension for WindowsStandalone target not found
Refreshing native plugins compatible for Editor in 0.36 ms, found 1 plugins.
Preloading 0 native plugins for Editor in 0.00 ms.
Invoked RoslynAnalysisRunner static constructor.
RoslynAnalysisRunner will not be running.
RoslynAnalysisRunner has terminated.
Mono: successfully reloaded assembly
- Completed reload, in  0.687 seconds
Platform modules already initialized, skipping
Refreshing native plugins compatible for Editor in 0.38 ms, found 1 plugins.
Preloading 0 native plugins for Editor in 0.00 ms.
Unloading 2054 Unused Serialized files (Serialized files now loaded: 0)
System memory in use before: 94.6 MB.
System memory in use after: 94.7 MB.

Unloading 7 unused Assets to reduce memory usage. Loaded Objects now: 2549.
Total: 1.604700 ms (FindLiveObjects: 0.195500 ms CreateObjectMapping: 0.068200 ms MarkObjects: 1.327500 ms  DeleteObjects: 0.012700 ms)

